{"total": {"lines":{"total":892,"covered":815,"skipped":0,"pct":91.36},"statements":{"total":953,"covered":866,"skipped":0,"pct":90.87},"functions":{"total":110,"covered":95,"skipped":0,"pct":86.36},"branches":{"total":456,"covered":377,"skipped":0,"pct":82.67},"branchesTrue":{"total":0,"covered":0,"skipped":0,"pct":100}}
,"/home/runner/work/hack-ops/hack-ops/apps/web/src/app/api/audit/[hackathonId]/route.ts": {"lines":{"total":22,"covered":20,"skipped":0,"pct":90.9},"functions":{"total":3,"covered":2,"skipped":0,"pct":66.66},"statements":{"total":23,"covered":21,"skipped":0,"pct":91.3},"branches":{"total":11,"covered":9,"skipped":0,"pct":81.81}}
,"/home/runner/work/hack-ops/hack-ops/apps/web/src/app/api/challenges/route.ts": {"lines":{"total":34,"covered":29,"skipped":0,"pct":85.29},"functions":{"total":6,"covered":4,"skipped":0,"pct":66.66},"statements":{"total":36,"covered":31,"skipped":0,"pct":86.11},"branches":{"total":10,"covered":8,"skipped":0,"pct":80}}
,"/home/runner/work/hack-ops/hack-ops/apps/web/src/app/api/challenges/[id]/route.ts": {"lines":{"total":44,"covered":39,"skipped":0,"pct":88.63},"functions":{"total":3,"covered":2,"skipped":0,"pct":66.66},"statements":{"total":46,"covered":39,"skipped":0,"pct":84.78},"branches":{"total":18,"covered":11,"skipped":0,"pct":61.11}}
,"/home/runner/work/hack-ops/hack-ops/apps/web/src/app/api/config/route.ts": {"lines":{"total":8,"covered":8,"skipped":0,"pct":100},"functions":{"total":2,"covered":2,"skipped":0,"pct":100},"statements":{"total":9,"covered":9,"skipped":0,"pct":100},"branches":{"total":2,"covered":2,"skipped":0,"pct":100}}
,"/home/runner/work/hack-ops/hack-ops/apps/web/src/app/api/config/[key]/route.ts": {"lines":{"total":25,"covered":21,"skipped":0,"pct":84},"functions":{"total":2,"covered":1,"skipped":0,"pct":50},"statements":{"total":25,"covered":21,"skipped":0,"pct":84},"branches":{"total":8,"covered":6,"skipped":0,"pct":75}}
,"/home/runner/work/hack-ops/hack-ops/apps/web/src/app/api/hackathons/route.ts": {"lines":{"total":39,"covered":37,"skipped":0,"pct":94.87},"functions":{"total":5,"covered":5,"skipped":0,"pct":100},"statements":{"total":42,"covered":40,"skipped":0,"pct":95.23},"branches":{"total":16,"covered":14,"skipped":0,"pct":87.5}}
,"/home/runner/work/hack-ops/hack-ops/apps/web/src/app/api/hackathons/[id]/route.ts": {"lines":{"total":59,"covered":55,"skipped":0,"pct":93.22},"functions":{"total":3,"covered":3,"skipped":0,"pct":100},"statements":{"total":59,"covered":55,"skipped":0,"pct":93.22},"branches":{"total":32,"covered":29,"skipped":0,"pct":90.62}}
,"/home/runner/work/hack-ops/hack-ops/apps/web/src/app/api/hackathons/[id]/assign-teams/route.ts": {"lines":{"total":45,"covered":39,"skipped":0,"pct":86.66},"functions":{"total":4,"covered":4,"skipped":0,"pct":100},"statements":{"total":49,"covered":43,"skipped":0,"pct":87.75},"branches":{"total":15,"covered":9,"skipped":0,"pct":60}}
,"/home/runner/work/hack-ops/hack-ops/apps/web/src/app/api/health/route.ts": {"lines":{"total":25,"covered":23,"skipped":0,"pct":92},"functions":{"total":2,"covered":2,"skipped":0,"pct":100},"statements":{"total":26,"covered":24,"skipped":0,"pct":92.3},"branches":{"total":12,"covered":10,"skipped":0,"pct":83.33}}
,"/home/runner/work/hack-ops/hack-ops/apps/web/src/app/api/join/route.ts": {"lines":{"total":28,"covered":27,"skipped":0,"pct":96.42},"functions":{"total":2,"covered":2,"skipped":0,"pct":100},"statements":{"total":28,"covered":27,"skipped":0,"pct":96.42},"branches":{"total":10,"covered":10,"skipped":0,"pct":100}}
,"/home/runner/work/hack-ops/hack-ops/apps/web/src/app/api/leaderboard/[hackathonId]/route.ts": {"lines":{"total":7,"covered":7,"skipped":0,"pct":100},"functions":{"total":1,"covered":1,"skipped":0,"pct":100},"statements":{"total":7,"covered":7,"skipped":0,"pct":100},"branches":{"total":2,"covered":2,"skipped":0,"pct":100}}
,"/home/runner/work/hack-ops/hack-ops/apps/web/src/app/api/me/route.ts": {"lines":{"total":30,"covered":30,"skipped":0,"pct":100},"functions":{"total":7,"covered":7,"skipped":0,"pct":100},"statements":{"total":37,"covered":37,"skipped":0,"pct":100},"branches":{"total":23,"covered":23,"skipped":0,"pct":100}}
,"/home/runner/work/hack-ops/hack-ops/apps/web/src/app/api/progression/route.ts": {"lines":{"total":13,"covered":11,"skipped":0,"pct":84.61},"functions":{"total":2,"covered":1,"skipped":0,"pct":50},"statements":{"total":13,"covered":11,"skipped":0,"pct":84.61},"branches":{"total":4,"covered":3,"skipped":0,"pct":75}}
,"/home/runner/work/hack-ops/hack-ops/apps/web/src/app/api/roles/route.ts": {"lines":{"total":13,"covered":11,"skipped":0,"pct":84.61},"functions":{"total":3,"covered":2,"skipped":0,"pct":66.66},"statements":{"total":14,"covered":12,"skipped":0,"pct":85.71},"branches":{"total":5,"covered":4,"skipped":0,"pct":80}}
,"/home/runner/work/hack-ops/hack-ops/apps/web/src/app/api/roles/[id]/route.ts": {"lines":{"total":12,"covered":12,"skipped":0,"pct":100},"functions":{"total":1,"covered":1,"skipped":0,"pct":100},"statements":{"total":13,"covered":12,"skipped":0,"pct":92.3},"branches":{"total":6,"covered":5,"skipped":0,"pct":83.33}}
,"/home/runner/work/hack-ops/hack-ops/apps/web/src/app/api/roles/invite/route.ts": {"lines":{"total":22,"covered":19,"skipped":0,"pct":86.36},"functions":{"total":2,"covered":1,"skipped":0,"pct":50},"statements":{"total":22,"covered":19,"skipped":0,"pct":86.36},"branches":{"total":6,"covered":5,"skipped":0,"pct":83.33}}
,"/home/runner/work/hack-ops/hack-ops/apps/web/src/app/api/rubrics/route.ts": {"lines":{"total":41,"covered":36,"skipped":0,"pct":87.8},"functions":{"total":4,"covered":3,"skipped":0,"pct":75},"statements":{"total":42,"covered":37,"skipped":0,"pct":88.09},"branches":{"total":18,"covered":13,"skipped":0,"pct":72.22}}
,"/home/runner/work/hack-ops/hack-ops/apps/web/src/app/api/rubrics/[id]/route.ts": {"lines":{"total":13,"covered":13,"skipped":0,"pct":100},"functions":{"total":1,"covered":1,"skipped":0,"pct":100},"statements":{"total":14,"covered":13,"skipped":0,"pct":92.85},"branches":{"total":4,"covered":3,"skipped":0,"pct":75}}
,"/home/runner/work/hack-ops/hack-ops/apps/web/src/app/api/rubrics/[id]/activate/route.ts": {"lines":{"total":15,"covered":15,"skipped":0,"pct":100},"functions":{"total":1,"covered":1,"skipped":0,"pct":100},"statements":{"total":16,"covered":15,"skipped":0,"pct":93.75},"branches":{"total":4,"covered":3,"skipped":0,"pct":75}}
,"/home/runner/work/hack-ops/hack-ops/apps/web/src/app/api/scores/[id]/override/route.ts": {"lines":{"total":37,"covered":33,"skipped":0,"pct":89.18},"functions":{"total":4,"covered":3,"skipped":0,"pct":75},"statements":{"total":39,"covered":34,"skipped":0,"pct":87.17},"branches":{"total":14,"covered":9,"skipped":0,"pct":64.28}}
,"/home/runner/work/hack-ops/hack-ops/apps/web/src/app/api/submissions/route.ts": {"lines":{"total":53,"covered":42,"skipped":0,"pct":79.24},"functions":{"total":6,"covered":4,"skipped":0,"pct":66.66},"statements":{"total":55,"covered":44,"skipped":0,"pct":80},"branches":{"total":38,"covered":28,"skipped":0,"pct":73.68}}
,"/home/runner/work/hack-ops/hack-ops/apps/web/src/app/api/submissions/[id]/route.ts": {"lines":{"total":51,"covered":44,"skipped":0,"pct":86.27},"functions":{"total":4,"covered":3,"skipped":0,"pct":75},"statements":{"total":53,"covered":45,"skipped":0,"pct":84.9},"branches":{"total":26,"covered":18,"skipped":0,"pct":69.23}}
,"/home/runner/work/hack-ops/hack-ops/apps/web/src/app/api/teams/route.ts": {"lines":{"total":11,"covered":10,"skipped":0,"pct":90.9},"functions":{"total":2,"covered":2,"skipped":0,"pct":100},"statements":{"total":12,"covered":11,"skipped":0,"pct":91.66},"branches":{"total":8,"covered":6,"skipped":0,"pct":75}}
,"/home/runner/work/hack-ops/hack-ops/apps/web/src/app/api/teams/[id]/reassign/route.ts": {"lines":{"total":34,"covered":29,"skipped":0,"pct":85.29},"functions":{"total":4,"covered":3,"skipped":0,"pct":75},"statements":{"total":34,"covered":29,"skipped":0,"pct":85.29},"branches":{"total":14,"covered":9,"skipped":0,"pct":64.28}}
,"/home/runner/work/hack-ops/hack-ops/apps/web/src/lib/audit.ts": {"lines":{"total":1,"covered":1,"skipped":0,"pct":100},"functions":{"total":1,"covered":1,"skipped":0,"pct":100},"statements":{"total":1,"covered":1,"skipped":0,"pct":100},"branches":{"total":4,"covered":4,"skipped":0,"pct":100}}
,"/home/runner/work/hack-ops/hack-ops/apps/web/src/lib/auth.ts": {"lines":{"total":13,"covered":13,"skipped":0,"pct":100},"functions":{"total":3,"covered":3,"skipped":0,"pct":100},"statements":{"total":15,"covered":15,"skipped":0,"pct":100},"branches":{"total":14,"covered":14,"skipped":0,"pct":100}}
,"/home/runner/work/hack-ops/hack-ops/apps/web/src/lib/challenge-gate.ts": {"lines":{"total":22,"covered":21,"skipped":0,"pct":95.45},"functions":{"total":2,"covered":2,"skipped":0,"pct":100},"statements":{"total":25,"covered":24,"skipped":0,"pct":96},"branches":{"total":14,"covered":13,"skipped":0,"pct":92.85}}
,"/home/runner/work/hack-ops/hack-ops/apps/web/src/lib/guards.ts": {"lines":{"total":34,"covered":33,"skipped":0,"pct":97.05},"functions":{"total":8,"covered":8,"skipped":0,"pct":100},"statements":{"total":39,"covered":38,"skipped":0,"pct":97.43},"branches":{"total":30,"covered":29,"skipped":0,"pct":96.66}}
,"/home/runner/work/hack-ops/hack-ops/apps/web/src/lib/leaderboard.ts": {"lines":{"total":71,"covered":71,"skipped":0,"pct":100},"functions":{"total":8,"covered":8,"skipped":0,"pct":100},"statements":{"total":84,"covered":82,"skipped":0,"pct":97.61},"branches":{"total":63,"covered":58,"skipped":0,"pct":92.06}}
,"/home/runner/work/hack-ops/hack-ops/apps/web/src/lib/rate-limiter.ts": {"lines":{"total":22,"covered":19,"skipped":0,"pct":86.36},"functions":{"total":3,"covered":3,"skipped":0,"pct":100},"statements":{"total":24,"covered":20,"skipped":0,"pct":83.33},"branches":{"total":10,"covered":7,"skipped":0,"pct":70}}
,"/home/runner/work/hack-ops/hack-ops/apps/web/src/lib/roles.ts": {"lines":{"total":13,"covered":12,"skipped":0,"pct":92.3},"functions":{"total":5,"covered":4,"skipped":0,"pct":80},"statements":{"total":16,"covered":15,"skipped":0,"pct":93.75},"branches":{"total":13,"covered":11,"skipped":0,"pct":84.61}}
,"/home/runner/work/hack-ops/hack-ops/apps/web/src/lib/utils.ts": {"lines":{"total":1,"covered":1,"skipped":0,"pct":100},"functions":{"total":1,"covered":1,"skipped":0,"pct":100},"statements":{"total":1,"covered":1,"skipped":0,"pct":100},"branches":{"total":0,"covered":0,"skipped":0,"pct":100}}
,"/home/runner/work/hack-ops/hack-ops/apps/web/src/lib/validation/audit.ts": {"lines":{"total":1,"covered":1,"skipped":0,"pct":100},"functions":{"total":0,"covered":0,"skipped":0,"pct":100},"statements":{"total":1,"covered":1,"skipped":0,"pct":100},"branches":{"total":0,"covered":0,"skipped":0,"pct":100}}
,"/home/runner/work/hack-ops/hack-ops/apps/web/src/lib/validation/challenge.ts": {"lines":{"total":3,"covered":3,"skipped":0,"pct":100},"functions":{"total":0,"covered":0,"skipped":0,"pct":100},"statements":{"total":3,"covered":3,"skipped":0,"pct":100},"branches":{"total":0,"covered":0,"skipped":0,"pct":100}}
,"/home/runner/work/hack-ops/hack-ops/apps/web/src/lib/validation/config.ts": {"lines":{"total":3,"covered":3,"skipped":0,"pct":100},"functions":{"total":1,"covered":1,"skipped":0,"pct":100},"statements":{"total":3,"covered":3,"skipped":0,"pct":100},"branches":{"total":0,"covered":0,"skipped":0,"pct":100}}
,"/home/runner/work/hack-ops/hack-ops/apps/web/src/lib/validation/hackathon.ts": {"lines":{"total":3,"covered":3,"skipped":0,"pct":100},"functions":{"total":0,"covered":0,"skipped":0,"pct":100},"statements":{"total":3,"covered":3,"skipped":0,"pct":100},"branches":{"total":0,"covered":0,"skipped":0,"pct":100}}
,"/home/runner/work/hack-ops/hack-ops/apps/web/src/lib/validation/join.ts": {"lines":{"total":1,"covered":1,"skipped":0,"pct":100},"functions":{"total":0,"covered":0,"skipped":0,"pct":100},"statements":{"total":1,"covered":1,"skipped":0,"pct":100},"branches":{"total":0,"covered":0,"skipped":0,"pct":100}}
,"/home/runner/work/hack-ops/hack-ops/apps/web/src/lib/validation/middleware.ts": {"lines":{"total":10,"covered":10,"skipped":0,"pct":100},"functions":{"total":4,"covered":4,"skipped":0,"pct":100},"statements":{"total":10,"covered":10,"skipped":0,"pct":100},"branches":{"total":2,"covered":2,"skipped":0,"pct":100}}
,"/home/runner/work/hack-ops/hack-ops/apps/web/src/lib/validation/progression.ts": {"lines":{"total":1,"covered":1,"skipped":0,"pct":100},"functions":{"total":0,"covered":0,"skipped":0,"pct":100},"statements":{"total":1,"covered":1,"skipped":0,"pct":100},"branches":{"total":0,"covered":0,"skipped":0,"pct":100}}
,"/home/runner/work/hack-ops/hack-ops/apps/web/src/lib/validation/role.ts": {"lines":{"total":2,"covered":2,"skipped":0,"pct":100},"functions":{"total":0,"covered":0,"skipped":0,"pct":100},"statements":{"total":2,"covered":2,"skipped":0,"pct":100},"branches":{"total":0,"covered":0,"skipped":0,"pct":100}}
,"/home/runner/work/hack-ops/hack-ops/apps/web/src/lib/validation/rubric.ts": {"lines":{"total":3,"covered":3,"skipped":0,"pct":100},"functions":{"total":0,"covered":0,"skipped":0,"pct":100},"statements":{"total":3,"covered":3,"skipped":0,"pct":100},"branches":{"total":0,"covered":0,"skipped":0,"pct":100}}
,"/home/runner/work/hack-ops/hack-ops/apps/web/src/lib/validation/score.ts": {"lines":{"total":2,"covered":2,"skipped":0,"pct":100},"functions":{"total":0,"covered":0,"skipped":0,"pct":100},"statements":{"total":2,"covered":2,"skipped":0,"pct":100},"branches":{"total":0,"covered":0,"skipped":0,"pct":100}}
,"/home/runner/work/hack-ops/hack-ops/apps/web/src/lib/validation/submission.ts": {"lines":{"total":4,"covered":4,"skipped":0,"pct":100},"functions":{"total":0,"covered":0,"skipped":0,"pct":100},"statements":{"total":4,"covered":4,"skipped":0,"pct":100},"branches":{"total":0,"covered":0,"skipped":0,"pct":100}}
,"/home/runner/work/hack-ops/hack-ops/apps/web/src/lib/validation/team.ts": {"lines":{"total":1,"covered":1,"skipped":0,"pct":100},"functions":{"total":0,"covered":0,"skipped":0,"pct":100},"statements":{"total":1,"covered":1,"skipped":0,"pct":100},"branches":{"total":0,"covered":0,"skipped":0,"pct":100}}
}
